h:\third year\game simulations\game sims 2019\csc3222\csc3222coursework 2019 2020\debug\vc142.pdb
h:\third year\game simulations\game sims 2019\csc3222\csc3222coursework 2019 2020\debug\vc142.idb
h:\third year\game simulations\game sims 2019\csc3222\csc3222coursework 2019 2020\debug\texturemanager.obj
h:\third year\game simulations\game sims 2019\csc3222\csc3222coursework 2019 2020\debug\simobject.obj
h:\third year\game simulations\game sims 2019\csc3222\csc3222coursework 2019 2020\debug\badfoodgame.obj
h:\third year\game simulations\game sims 2019\csc3222\csc3222coursework 2019 2020\debug\rigidbody.obj
h:\third year\game simulations\game sims 2019\csc3222\csc3222coursework 2019 2020\debug\playercharacter.obj
h:\third year\game simulations\game sims 2019\csc3222\csc3222coursework 2019 2020\debug\laser.obj
h:\third year\game simulations\game sims 2019\csc3222\csc3222coursework 2019 2020\debug\gamesimsrenderer.obj
h:\third year\game simulations\game sims 2019\csc3222\csc3222coursework 2019 2020\debug\gamesimsphysics.obj
h:\third year\game simulations\game sims 2019\csc3222\csc3222coursework 2019 2020\debug\gamemap.obj
h:\third year\game simulations\game sims 2019\csc3222\csc3222coursework 2019 2020\debug\food.obj
h:\third year\game simulations\game sims 2019\csc3222\csc3222coursework 2019 2020\debug\csc3222.obj
h:\third year\game simulations\game sims 2019\csc3222\csc3222coursework 2019 2020\debug\collisionvolume.obj
h:\third year\game simulations\game sims 2019\csc3222\csc3222coursework 2019 2020\debug\coin.obj
h:\third year\game simulations\game sims 2019\csc3222\csc3222coursework 2019 2020\debug\balloon.obj
h:\third year\game simulations\game sims 2019\csc3222\csc3222coursework 2019 2020\debug\badrobot.obj
h:\third year\game simulations\game sims 2019\csc3222\csc3222coursework 2019 2020\debug\boundingsphere.obj
h:\third year\game simulations\game sims 2019\csc3222\csc3222coursework 2019 2020\debug\boundingbox.obj
h:\third year\game simulations\game sims 2019\win32\debug\csc3222 2019.exe
h:\third year\game simulations\game sims 2019\win32\debug\csc3222 2019.ilk
h:\third year\game simulations\game sims 2019\win32\debug\csc3222 2019.pdb
h:\third year\game simulations\game sims 2019\csc3222\csc3222coursework 2019 2020\debug\badfoodgame.new.obj.enc
h:\third year\game simulations\game sims 2019\csc3222\csc3222coursework 2019 2020\debug\csc3222 2019.tlog\cl.command.1.tlog
h:\third year\game simulations\game sims 2019\csc3222\csc3222coursework 2019 2020\debug\csc3222 2019.tlog\cl.write.1.tlog
h:\third year\game simulations\game sims 2019\csc3222\csc3222coursework 2019 2020\debug\csc3222 2019.tlog\cl.read.1.tlog
h:\third year\game simulations\game sims 2019\csc3222\csc3222coursework 2019 2020\debug\csc3222 2019.tlog\link.command.1.tlog
h:\third year\game simulations\game sims 2019\csc3222\csc3222coursework 2019 2020\debug\csc3222 2019.tlog\link.read.1.tlog
h:\third year\game simulations\game sims 2019\csc3222\csc3222coursework 2019 2020\debug\csc3222 2019.tlog\link.write.1.tlog
